[debug] [2022-09-25T20:01:29.097Z] ----------------------------------------------------------------------
[debug] [2022-09-25T20:01:29.099Z] Command:       C:\Program Files\nodejs\node.exe C:\Users\ANKIT\AppData\Roaming\npm\node_modules\firebase-tools\lib\bin\firebase.js init
[debug] [2022-09-25T20:01:29.100Z] CLI Version:   11.10.0
[debug] [2022-09-25T20:01:29.100Z] Platform:      win32
[debug] [2022-09-25T20:01:29.100Z] Node Version:  v17.8.0
[debug] [2022-09-25T20:01:29.101Z] Time:          Mon Sep 26 2022 01:31:29 GMT+0530 (India Standard Time)
[debug] [2022-09-25T20:01:29.101Z] ----------------------------------------------------------------------
[debug] 
[debug] [2022-09-25T20:01:29.109Z] > command requires scopes: ["email","openid","https://www.googleapis.com/auth/cloudplatformprojects.readonly","https://www.googleapis.com/auth/firebase","https://www.googleapis.com/auth/cloud-platform"]
[debug] [2022-09-25T20:01:29.110Z] > authorizing via signed-in user (itzankit301@gmail.com)
[info] 
     ######## #### ########  ######## ########     ###     ######  ########
     ##        ##  ##     ## ##       ##     ##  ##   ##  ##       ##
     ######    ##  ########  ######   ########  #########  ######  ######
     ##        ##  ##    ##  ##       ##     ## ##     ##       ## ##
     ##       #### ##     ## ######## ########  ##     ##  ######  ########

You're about to initialize a Firebase project in this directory:

  C:\Users\ANKIT\Desktop\Project\figma-task

[info] 
=== Project Setup
[info] 
[info] First, let's associate this project directory with a Firebase project.
[info] You can create multiple project aliases by running firebase use --add, 
[info] but for now we'll just set up a default project.
[info] 
[debug] [2022-09-25T20:02:22.586Z] >>> [apiv2][query] GET https://firebase.googleapis.com/v1beta1/projects pageSize=100
[debug] [2022-09-25T20:02:24.224Z] <<< [apiv2][status] GET https://firebase.googleapis.com/v1beta1/projects 200
[debug] [2022-09-25T20:02:24.225Z] <<< [apiv2][body] GET https://firebase.googleapis.com/v1beta1/projects [omitted]
[info] i  Using project figma-task (figma-task) 
[info] 
=== Hosting Setup
[info] 
[info] Your public directory is the folder (relative to your project directory) that
[info] will contain Hosting assets to be uploaded with firebase deploy. If you
[info] have a build process for your assets, use your build's output directory.
[info] 
